# JRE version: OpenJDK Runtime Environment Temurin-17.0.7+7 (17.0.7+7) (build 17.0.7+7)
# Java VM: OpenJDK 64-Bit Server VM Temurin-17.0.7+7 (17.0.7+7, mixed mode, sharing, tiered, compressed oops, compressed class ptrs, g1 gc, windows-amd64)
GC Precious Log:
 CPUs: 32 total, 32 available
 Memory: 31907M
 Large Page Support: Disabled
 NUMA Support: Disabled
 Compressed Oops: Enabled (Zero based)
 Heap Region Size: 2M
 Heap Min Capacity: 512M
 Heap Initial Capacity: 512M
 Heap Max Capacity: 4072M
 Pre-touch: Disabled
 Parallel Workers: 23
 Concurrent Workers: 6
 Concurrent Refinement Workers: 23
 Periodic GC: Disabled
 String Deduplication is enabled
Heap:
 garbage-first heap   total 524288K, used 164877K [0x0000000701800000, 0x0000000800000000)
  region size 2048K, 31 young (63488K), 2 survivors (4096K)
 Metaspace       used 93030K, committed 93824K, reserved 1179648K
  class space    used 12561K, committed 12928K, reserved 1048576K
GC Heap History (20 events):
Event: 1387.463 GC heap before
{Heap before GC invocations=179 (full 45):
 garbage-first heap   total 524288K, used 132770K [0x0000000701800000, 0x0000000800000000)
  region size 2048K, 17 young (34816K), 1 survivors (2048K)
 Metaspace       used 92425K, committed 93184K, reserved 1179648K
  class space    used 12508K, committed 12864K, reserved 1048576K
}
Event: 1387.501 GC heap after
{Heap after GC invocations=180 (full 46):
 garbage-first heap   total 524288K, used 104168K [0x0000000701800000, 0x0000000800000000)
  region size 2048K, 0 young (0K), 0 survivors (0K)
 Metaspace       used 92425K, committed 93184K, reserved 1179648K
  class space    used 12508K, committed 12864K, reserved 1048576K
}
Event: 1404.008 GC heap before
{Heap before GC invocations=180 (full 46):
 garbage-first heap   total 524288K, used 184040K [0x0000000701800000, 0x0000000800000000)
  region size 2048K, 40 young (81920K), 0 survivors (0K)
 Metaspace       used 92680K, committed 93504K, reserved 1179648K
  class space    used 12530K, committed 12928K, reserved 1048576K
}
Event: 1404.010 GC heap after
{Heap after GC invocations=181 (full 46):
 garbage-first heap   total 524288K, used 105507K [0x0000000701800000, 0x0000000800000000)
  region size 2048K, 1 young (2048K), 1 survivors (2048K)
 Metaspace       used 92680K, committed 93504K, reserved 1179648K
  class space    used 12530K, committed 12928K, reserved 1048576K
}
Event: 1406.053 GC heap before
{Heap before GC invocations=181 (full 46):
 garbage-first heap   total 524288K, used 185379K [0x0000000701800000, 0x0000000800000000)
  region size 2048K, 40 young (81920K), 1 survivors (2048K)
 Metaspace       used 92715K, committed 93504K, reserved 1179648K
  class space    used 12531K, committed 12928K, reserved 1048576K
}
Event: 1406.055 GC heap after
{Heap after GC invocations=182 (full 46):
 garbage-first heap   total 524288K, used 105142K [0x0000000701800000, 0x0000000800000000)
  region size 2048K, 1 young (2048K), 1 survivors (2048K)
 Metaspace       used 92715K, committed 93504K, reserved 1179648K
  class space    used 12531K, committed 12928K, reserved 1048576K
}
Event: 1408.839 GC heap before
{Heap before GC invocations=182 (full 46):
 garbage-first heap   total 524288K, used 185014K [0x0000000701800000, 0x0000000800000000)
  region size 2048K, 40 young (81920K), 1 survivors (2048K)
 Metaspace       used 92745K, committed 93504K, reserved 1179648K
  class space    used 12531K, committed 12928K, reserved 1048576K
}
Event: 1408.840 GC heap after
{Heap after GC invocations=183 (full 46):
 garbage-first heap   total 524288K, used 105183K [0x0000000701800000, 0x0000000800000000)
  region size 2048K, 1 young (2048K), 1 survivors (2048K)
 Metaspace       used 92745K, committed 93504K, reserved 1179648K
  class space    used 12531K, committed 12928K, reserved 1048576K
}
Event: 1418.169 GC heap before
{Heap before GC invocations=183 (full 46):
 garbage-first heap   total 524288K, used 185055K [0x0000000701800000, 0x0000000800000000)
  region size 2048K, 40 young (81920K), 1 survivors (2048K)
 Metaspace       used 92757K, committed 93568K, reserved 1179648K
  class space    used 12531K, committed 12928K, reserved 1048576K
}
Event: 1418.170 GC heap after
{Heap after GC invocations=184 (full 46):
 garbage-first heap   total 524288K, used 105596K [0x0000000701800000, 0x0000000800000000)
  region size 2048K, 1 young (2048K), 1 survivors (2048K)
 Metaspace       used 92757K, committed 93568K, reserved 1179648K
  class space    used 12531K, committed 12928K, reserved 1048576K
}
Event: 1421.742 GC heap before
{Heap before GC invocations=184 (full 46):
 garbage-first heap   total 524288K, used 185468K [0x0000000701800000, 0x0000000800000000)
  region size 2048K, 40 young (81920K), 1 survivors (2048K)
 Metaspace       used 92976K, committed 93696K, reserved 1179648K
  class space    used 12561K, committed 12928K, reserved 1048576K
}
Event: 1421.743 GC heap after
{Heap after GC invocations=185 (full 46):
 garbage-first heap   total 524288K, used 106489K [0x0000000701800000, 0x0000000800000000)
  region size 2048K, 2 young (4096K), 2 survivors (4096K)
 Metaspace       used 92976K, committed 93696K, reserved 1179648K
  class space    used 12561K, committed 12928K, reserved 1048576K
}
Event: 1422.848 GC heap before
{Heap before GC invocations=185 (full 46):
 garbage-first heap   total 524288K, used 184313K [0x0000000701800000, 0x0000000800000000)
  region size 2048K, 40 young (81920K), 2 survivors (4096K)
 Metaspace       used 92982K, committed 93760K, reserved 1179648K
  class space    used 12561K, committed 12928K, reserved 1048576K
}
Event: 1422.849 GC heap after
{Heap after GC invocations=186 (full 46):
 garbage-first heap   total 524288K, used 106712K [0x0000000701800000, 0x0000000800000000)
  region size 2048K, 2 young (4096K), 2 survivors (4096K)
 Metaspace       used 92982K, committed 93760K, reserved 1179648K
  class space    used 12561K, committed 12928K, reserved 1048576K
}
Event: 1424.884 GC heap before
{Heap before GC invocations=186 (full 46):
 garbage-first heap   total 524288K, used 184536K [0x0000000701800000, 0x0000000800000000)
  region size 2048K, 40 young (81920K), 2 survivors (4096K)
 Metaspace       used 92984K, committed 93760K, reserved 1179648K
  class space    used 12561K, committed 12928K, reserved 1048576K
}
Event: 1424.885 GC heap after
{Heap after GC invocations=187 (full 46):
 garbage-first heap   total 524288K, used 106746K [0x0000000701800000, 0x0000000800000000)
  region size 2048K, 2 young (4096K), 2 survivors (4096K)
 Metaspace       used 92984K, committed 93760K, reserved 1179648K
  class space    used 12561K, committed 12928K, reserved 1048576K
}
Event: 1426.059 GC heap before
{Heap before GC invocations=187 (full 46):
 garbage-first heap   total 524288K, used 184570K [0x0000000701800000, 0x0000000800000000)
  region size 2048K, 40 young (81920K), 2 survivors (4096K)
 Metaspace       used 92999K, committed 93760K, reserved 1179648K
  class space    used 12561K, committed 12928K, reserved 1048576K
}
Event: 1426.060 GC heap after
{Heap after GC invocations=188 (full 46):
 garbage-first heap   total 524288K, used 107968K [0x0000000701800000, 0x0000000800000000)
  region size 2048K, 2 young (4096K), 2 survivors (4096K)
 Metaspace       used 92999K, committed 93760K, reserved 1179648K
  class space    used 12561K, committed 12928K, reserved 1048576K
}
Event: 1428.891 GC heap before
{Heap before GC invocations=188 (full 46):
 garbage-first heap   total 524288K, used 185792K [0x0000000701800000, 0x0000000800000000)
  region size 2048K, 40 young (81920K), 2 survivors (4096K)
 Metaspace       used 93010K, committed 93760K, reserved 1179648K
  class space    used 12561K, committed 12928K, reserved 1048576K
}
Event: 1428.893 GC heap after
{Heap after GC invocations=189 (full 46):
 garbage-first heap   total 524288K, used 107533K [0x0000000701800000, 0x0000000800000000)
  region size 2048K, 2 young (4096K), 2 survivors (4096K)
 Metaspace       used 93010K, committed 93760K, reserved 1179648K
  class space    used 12561K, committed 12928K, reserved 1048576K
}

